<?xml version="1.0" encoding="UTF-8"?>
<!-- Generated by org.testng.reporters.JUnitXMLReporter -->
<testsuite ignored="0" hostname="rohitpunekar" failures="0" tests="5" name="Default test" time="11.815" errors="0" timestamp="2024-11-17T00:19:26 IST">
  <testcase classname="tests.TestCases" name="get_access_token" time="7.416"/>
  <testcase classname="tests.TestCases" name="access_endpoint" time="1.639"/>
  <testcase classname="tests.TestCases" name="webAutomation_details" time="0.953"/>
  <testcase classname="tests.TestCases" name="webAutomation_prices" time="0.947"/>
  <testcase classname="tests.TestCases" name="validate_courseTitles" time="0.724"/>
</testsuite> <!-- Default test -->
